<?xml version="1.0" encoding="UTF-8"?>
<!-- Generated by org.testng.reporters.JUnitReportReporter -->
<testsuite hostname="DESKTOP-T8HBMKH" failures="0" tests="4" name="com.code.NewTest" time="21.117" errors="0" timestamp="2022-12-09T15:16:03 MST" skipped="0">
  <testcase classname="com.code.NewTest" name="paramsDef" time="0.017"/>
  <testcase classname="com.code.NewTest" name="test" time="0.006"/>
  <testcase classname="com.code.NewTest" name="readItemCount" time="10.694"/>
  <testcase classname="com.code.NewTest" name="readIndex" time="10.400"/>
</testsuite> <!-- com.code.NewTest -->
