<?xml version="1.0" encoding="UTF-8"?>
<!-- Generated by org.testng.reporters.JUnitReportReporter -->
<testsuite hostname="DESKTOP-T8HBMKH" failures="0" tests="5" name="com.code.RestDemo" time="9.534" errors="0" timestamp="2022-12-12T11:41:46 MST" skipped="0">
  <testcase classname="com.code.RestDemo" name="createUser" time="4.797"/>
  <testcase classname="com.code.RestDemo" name="updateUser" time="1.096"/>
  <testcase classname="com.code.RestDemo" name="createPost" time="0.484"/>
  <testcase classname="com.code.RestDemo" name="createComments" time="1.052"/>
  <testcase classname="com.code.RestDemo" name="deleteUser" time="2.105"/>
</testsuite> <!-- com.code.RestDemo -->
