<?xml version="1.0" encoding="UTF-8"?>
<!-- Generated by org.testng.reporters.JUnitReportReporter -->
<testsuite hostname="DESKTOP-T8HBMKH" failures="0" tests="1" name="com.code.Validator" time="3.311" errors="0" timestamp="2022-12-11T18:56:04 MST" skipped="0">
  <testcase classname="com.code.Validator" name="createComments" time="3.311"/>
</testsuite> <!-- com.code.Validator -->
